This is pdfTeX, Version 3.141592653-2.6-1.40.26 (MiKTeX 24.4) (preloaded format=pdflatex 2024.12.3)  9 DEC 2024 19:24
entering extended mode
 restricted \write18 enabled.
 %&-line parsing enabled.
**./document.tex
(document.tex
LaTeX2e <2024-11-01>
L3 programming layer <2024-11-02>
(E:\Apps\MiKTeX\tex/latex/extsizes\extarticle.cls
Document Class: extarticle 1996/10/08 v1.0 Non Standard LaTeX document class
(E:\Apps\MiKTeX\tex/latex/extsizes\size14.clo
File: size14.clo 1999/11/11 v1.4a NON-Standard LaTeX file (size option)
)
(E:\Apps\MiKTeX\tex/latex/base\exscale.sty
Package: exscale 2018/09/24 v2.1i Standard LaTeX package exscale
LaTeX Font Info:    Redeclaring symbol font `largesymbols' on input line 57.
LaTeX Font Info:    Overwriting symbol font `largesymbols' in version `normal'
(Font)                  OMX/cmex/m/n --> OMX/cmex/m/n on input line 57.
LaTeX Font Info:    Overwriting symbol font `largesymbols' in version `bold'
(Font)                  OMX/cmex/m/n --> OMX/cmex/m/n on input line 57.
\big@size=\dimen141
)
\c@part=\count196
\c@section=\count197
\c@subsection=\count198
\c@subsubsection=\count199
\c@paragraph=\count266
\c@subparagraph=\count267
\c@figure=\count268
\c@table=\count269
\abovecaptionskip=\skip49
\belowcaptionskip=\skip50
\bibindent=\dimen142
)
(E:\Apps\MiKTeX\tex/generic/babel\babel.sty
Package: babel 2024/11/08 v24.13 The multilingual framework for pdfLaTeX, LuaLa
TeX and XeLaTeX
\babel@savecnt=\count270
\U@D=\dimen143
\l@unhyphenated=\language79

(E:\Apps\MiKTeX\tex/generic/babel\txtbabel.def)
\bbl@readstream=\read2
\bbl@dirlevel=\count271

*************************************
* Local config file bblopts.cfg used
*
(E:\Apps\MiKTeX\tex/latex/arabi\bblopts.cfg
File: bblopts.cfg 2005/09/08 v0.1 add Arabic and Farsi to "declared" options of
 babel
)
(E:\Apps\MiKTeX\tex/latex/babel-english\english.ldf
Language: english 2017/06/06 v3.3r English support from the babel system
Package babel Info: Hyphen rules for 'canadian' set to \l@english
(babel)             (\language0). Reported on input line 102.
Package babel Info: Hyphen rules for 'australian' set to \l@ukenglish
(babel)             (\language73). Reported on input line 105.
Package babel Info: Hyphen rules for 'newzealand' set to \l@ukenglish
(babel)             (\language73). Reported on input line 108.
))
(E:\Apps\MiKTeX\tex/generic/babel/locale/en\babel-english.tex
Package babel Info: Importing font and identification data for english
(babel)             from babel-en.ini. Reported on input line 11.
)
(E:\Apps\MiKTeX\tex/latex/base\inputenc.sty
Package: inputenc 2024/02/08 v1.3d Input encoding file
\inpenc@prehook=\toks17
\inpenc@posthook=\toks18
)
(E:\Apps\MiKTeX\tex/latex/setspace\setspace.sty
Package: setspace 2022/12/04 v6.7b set line spacing
)
(E:\Apps\MiKTeX\tex/latex/geometry\geometry.sty
Package: geometry 2020/01/02 v5.9 Page Geometry

(E:\Apps\MiKTeX\tex/latex/graphics\keyval.sty
Package: keyval 2022/05/29 v1.15 key=value parser (DPC)
\KV@toks@=\toks19
)
(E:\Apps\MiKTeX\tex/generic/iftex\ifvtex.sty
Package: ifvtex 2019/10/25 v1.7 ifvtex legacy package. Use iftex instead.

(E:\Apps\MiKTeX\tex/generic/iftex\iftex.sty
Package: iftex 2022/02/03 v1.0f TeX engine tests
))
\Gm@cnth=\count272
\Gm@cntv=\count273
\c@Gm@tempcnt=\count274
\Gm@bindingoffset=\dimen144
\Gm@wd@mp=\dimen145
\Gm@odd@mp=\dimen146
\Gm@even@mp=\dimen147
\Gm@layoutwidth=\dimen148
\Gm@layoutheight=\dimen149
\Gm@layouthoffset=\dimen150
\Gm@layoutvoffset=\dimen151
\Gm@dimlist=\toks20

(E:\Apps\MiKTeX\tex/latex/geometry\geometry.cfg))
(E:\Apps\MiKTeX\tex/latex/amsmath\amsmath.sty
Package: amsmath 2024/11/05 v2.17t AMS math features
\@mathmargin=\skip51

For additional information on amsmath, use the `?' option.
(E:\Apps\MiKTeX\tex/latex/amsmath\amstext.sty
Package: amstext 2021/08/26 v2.01 AMS text

(E:\Apps\MiKTeX\tex/latex/amsmath\amsgen.sty
File: amsgen.sty 1999/11/30 v2.0 generic functions
\@emptytoks=\toks21
\ex@=\dimen152
))
(E:\Apps\MiKTeX\tex/latex/amsmath\amsbsy.sty
Package: amsbsy 1999/11/29 v1.2d Bold Symbols
\pmbraise@=\dimen153
)
(E:\Apps\MiKTeX\tex/latex/amsmath\amsopn.sty
Package: amsopn 2022/04/08 v2.04 operator names
)
\inf@bad=\count275
LaTeX Info: Redefining \frac on input line 233.
\uproot@=\count276
\leftroot@=\count277
LaTeX Info: Redefining \overline on input line 398.
LaTeX Info: Redefining \colon on input line 409.
\classnum@=\count278
\DOTSCASE@=\count279
LaTeX Info: Redefining \ldots on input line 495.
LaTeX Info: Redefining \dots on input line 498.
LaTeX Info: Redefining \cdots on input line 619.
\Mathstrutbox@=\box52
\strutbox@=\box53
LaTeX Info: Redefining \big on input line 721.
LaTeX Info: Redefining \Big on input line 722.
LaTeX Info: Redefining \bigg on input line 723.
LaTeX Info: Redefining \Bigg on input line 724.
\big@size=\dimen154
LaTeX Font Info:    Redeclaring font encoding OML on input line 742.
LaTeX Font Info:    Redeclaring font encoding OMS on input line 743.
\macc@depth=\count280
LaTeX Info: Redefining \bmod on input line 904.
LaTeX Info: Redefining \pmod on input line 909.
LaTeX Info: Redefining \smash on input line 939.
LaTeX Info: Redefining \relbar on input line 969.
LaTeX Info: Redefining \Relbar on input line 970.
\c@MaxMatrixCols=\count281
\dotsspace@=\muskip17
\c@parentequation=\count282
\dspbrk@lvl=\count283
\tag@help=\toks22
\row@=\count284
\column@=\count285
\maxfields@=\count286
\andhelp@=\toks23
\eqnshift@=\dimen155
\alignsep@=\dimen156
\tagshift@=\dimen157
\tagwidth@=\dimen158
\totwidth@=\dimen159
\lineht@=\dimen160
\@envbody=\toks24
\multlinegap=\skip52
\multlinetaggap=\skip53
\mathdisplay@stack=\toks25
LaTeX Info: Redefining \[ on input line 2953.
LaTeX Info: Redefining \] on input line 2954.
)
(E:\Apps\MiKTeX\tex/latex/amsfonts\amssymb.sty
Package: amssymb 2013/01/14 v3.01 AMS font symbols

(E:\Apps\MiKTeX\tex/latex/amsfonts\amsfonts.sty
Package: amsfonts 2013/01/14 v3.01 Basic AMSFonts support
\symAMSa=\mathgroup4
\symAMSb=\mathgroup5
LaTeX Font Info:    Redeclaring math symbol \hbar on input line 98.
LaTeX Font Info:    Overwriting math alphabet `\mathfrak' in version `bold'
(Font)                  U/euf/m/n --> U/euf/b/n on input line 106.
))
(E:\Apps\MiKTeX\tex/latex/amscls\amsthm.sty
Package: amsthm 2020/05/29 v2.20.6
\thm@style=\toks26
\thm@bodyfont=\toks27
\thm@headfont=\toks28
\thm@notefont=\toks29
\thm@headpunct=\toks30
\thm@preskip=\skip54
\thm@postskip=\skip55
\thm@headsep=\skip56
\dth@everypar=\toks31
)
(E:\Apps\MiKTeX\tex/latex/graphics\graphicx.sty
Package: graphicx 2021/09/16 v1.2d Enhanced LaTeX Graphics (DPC,SPQR)

(E:\Apps\MiKTeX\tex/latex/graphics\graphics.sty
Package: graphics 2024/08/06 v1.4g Standard LaTeX Graphics (DPC,SPQR)

(E:\Apps\MiKTeX\tex/latex/graphics\trig.sty
Package: trig 2023/12/02 v1.11 sin cos tan (DPC)
)
(E:\Apps\MiKTeX\tex/latex/graphics-cfg\graphics.cfg
File: graphics.cfg 2016/06/04 v1.11 sample graphics configuration
)
Package graphics Info: Driver file: pdftex.def on input line 106.

(E:\Apps\MiKTeX\tex/latex/graphics-def\pdftex.def
File: pdftex.def 2024/04/13 v1.2c Graphics/color driver for pdftex
))
\Gin@req@height=\dimen161
\Gin@req@width=\dimen162
)
(E:\Apps\MiKTeX\tex/latex/cite\cite.sty
LaTeX Info: Redefining \cite on input line 302.
LaTeX Info: Redefining \nocite on input line 332.
Package: cite 2015/02/27  v 5.5
)
(E:\Apps\MiKTeX\tex/latex/subfigure\subfigure.sty
Package: subfigure 2002/07/30 v2.1.4 subfigure package
\subfigtopskip=\skip57
\subfigcapskip=\skip58
\subfigcaptopadj=\dimen163
\subfigbottomskip=\skip59
\subfigcapmargin=\dimen164
\subfiglabelskip=\skip60
\c@subfigure=\count287
\c@lofdepth=\count288
\c@subtable=\count289
\c@lotdepth=\count290

****************************************
* Local config file subfigure.cfg used *
****************************************
(E:\Apps\MiKTeX\tex/latex/subfigure\subfigure.cfg)
\subfig@top=\skip61
\subfig@bottom=\skip62
)
(E:\Apps\MiKTeX\tex/latex/caption\subcaption.sty
Package: subcaption 2023/07/28 v1.6b Sub-captions (AR)

(E:\Apps\MiKTeX\tex/latex/caption\caption.sty
Package: caption 2023/08/05 v3.6o Customizing captions (AR)

(E:\Apps\MiKTeX\tex/latex/caption\caption3.sty
Package: caption3 2023/07/31 v2.4d caption3 kernel (AR)
\caption@tempdima=\dimen165
\captionmargin=\dimen166
\caption@leftmargin=\dimen167
\caption@rightmargin=\dimen168
\caption@width=\dimen169
\caption@indent=\dimen170
\caption@parindent=\dimen171
\caption@hangindent=\dimen172
Package caption Info: Standard document class detected.
)
\c@caption@flags=\count291
\c@continuedfloat=\count292
Package caption Info: subfigure package is loaded.
)
LaTeX Info: Redefining \subref on input line 189.
Package subcaption Info: The counter `subfigure' was already defined by
(subcaption)             an unknown document class or package on input line 238
.
Package subcaption Info: The counter `subtable' was already defined by
(subcaption)             an unknown document class or package on input line 238
.
) (kprjHSE.sty

LaTeX Warning: You have requested package `kprjHSE',
               but the package provides `kprj'.

Package: kprj 2018/10/03 -- report style for course and laboratory works, A.N. 
Kanatnikov
(E:\Apps\MiKTeX\tex/latex/tabularray\tabularray.sty
(E:\Apps\MiKTeX\tex/latex/l3kernel\expl3.sty
Package: expl3 2024-11-02 L3 programming layer (loader) 

(E:\Apps\MiKTeX\tex/latex/l3backend\l3backend-pdftex.def
File: l3backend-pdftex.def 2024-05-08 L3 backend support: PDF output (pdfTeX)
\l__color_backend_stack_int=\count293
\l__pdf_internal_box=\box54
))
Package: tabularray 2024-02-16 v2024A Typeset tabulars and arrays with LaTeX3
\l__tblr_a_int=\count294
\l__tblr_c_int=\count295
\l__tblr_r_int=\count296
\l__tblr_d_dim=\dimen173
\l__tblr_h_dim=\dimen174
\l__tblr_o_dim=\dimen175
\l__tblr_p_dim=\dimen176
\l__tblr_q_dim=\dimen177
\l__tblr_r_dim=\dimen178
\l__tblr_s_dim=\dimen179
\l__tblr_t_dim=\dimen180
\l__tblr_v_dim=\dimen181
\l__tblr_w_dim=\dimen182
\l__tblr_a_box=\box55
\l__tblr_b_box=\box56
\l__tblr_c_box=\box57
\l__tblr_d_box=\box58
\g__tblr_table_count_int=\count297
\c@rownum=\count298
\c@colnum=\count299
\c@rowcount=\count300
\c@colcount=\count301
\abovesep=\dimen183
\belowsep=\dimen184
\leftsep=\dimen185
\rightsep=\dimen186
\g_tblr_level_int=\count302
\g__tblr_data_row_key_count_int=\count303
\g__tblr_data_column_key_count_int=\count304
\g__tblr_data_cell_key_count_int=\count305
\g__tblr_array_int=\count306
\l__tblr_key_count_int=\count307
\l__tblr_key_quotient_int=\count308
\l__tblr_key_quotient_two_int=\count309
\l__tblr_key_remainder_int=\count310
\g__tblr_data_str_value_count_int=\count311
\rulewidth=\dimen187
\l__tblr_strut_dp_dim=\dimen188
\l__tblr_strut_ht_dim=\dimen189
\g__tblr_cell_wd_dim=\dimen190
\g__tblr_cell_ht_dim=\dimen191
\g__tblr_cell_head_dim=\dimen192
\g__tblr_cell_foot_dim=\dimen193
\l__column_target_dim=\dimen194
\l__tblr_caption_box=\box59
\l__tblr_caption_left_box=\box60
\l__tblr_row_head_box=\box61
\l__tblr_row_foot_box=\box62
\l__tblr_row_head_foot_dim=\dimen195
\tablewidth=\dimen196
\l__tblr_table_firsthead_box=\box63
\l__tblr_table_middlehead_box=\box64
\l__tblr_table_lasthead_box=\box65
\l__tblr_table_firstfoot_box=\box66
\l__tblr_table_middlefoot_box=\box67
\l__tblr_table_lastfoot_box=\box68
\l__tblr_remain_height_dim=\dimen197
\l__tblr_long_from_int=\count312
\l__tblr_long_to_int=\count313
\l__tblr_curr_i_int=\count314
\l__tblr_prev_i_int=\count315
\l__tblr_table_page_int=\count316
\l__tblr_table_head_box=\box69
\l__tblr_table_foot_box=\box70
\l__tblr_table_head_foot_dim=\dimen198
\l__tblr_table_head_body_foot_dim=\dimen199
\l__tblr_table_box=\box71
\l__tblr_table_hlines_box=\box72
\l__tblr_hline_box=\box73
\l__tblr_row_box=\box74
\l__tblr_col_o_wd_dim=\dimen256
\l__tblr_col_b_wd_dim=\dimen257
\l__tblr_hline_leftskip_dim=\dimen258
\l__tblr_hline_rightskip_dim=\dimen259
\l__tblr_row_ht_dim=\dimen260
\l__tblr_row_dp_dim=\dimen261
\l__tblr_row_abovesep_dim=\dimen262
\l__tblr_row_belowsep_dim=\dimen263
\l__tblr_row_vlines_box=\box75
\l__tblr_vline_box=\box76
\l__tblr_cell_box=\box77
\l__row_upper_dim=\dimen264
\l__row_lower_dim=\dimen265
\l__row_vpace_dim=\dimen266
\l__tblr_vline_aboveskip_dim=\dimen267
\l__tblr_vline_belowskip_dim=\dimen268
\l__tblr_cell_wd_dim=\dimen269
\l__tblr_cell_ht_dim=\dimen270
\l__tblr_diag_box=\box78
)
(E:\Apps\MiKTeX\tex/latex/cmap\cmap.sty
Package: cmap 2021/02/06 v1.0j CMap support: searchable PDF
)
(E:\Apps\MiKTeX\tex/latex/listings\listings.sty
\lst@mode=\count317
\lst@gtempboxa=\box79
\lst@token=\toks32
\lst@length=\count318
\lst@currlwidth=\dimen271
\lst@column=\count319
\lst@pos=\count320
\lst@lostspace=\dimen272
\lst@width=\dimen273
\lst@newlines=\count321
\lst@lineno=\count322
\lst@maxwidth=\dimen274

(E:\Apps\MiKTeX\tex/latex/listings\lstpatch.sty
File: lstpatch.sty 2024/09/23 1.10c (Carsten Heinz)
)
(E:\Apps\MiKTeX\tex/latex/listings\lstmisc.sty
File: lstmisc.sty 2024/09/23 1.10c (Carsten Heinz)
\c@lstnumber=\count323
\lst@skipnumbers=\count324
\lst@framebox=\box80
)
(E:\Apps\MiKTeX\tex/latex/listings\listings.cfg
File: listings.cfg 2024/09/23 1.10c listings configuration
))
Package: listings 2024/09/23 1.10c (Carsten Heinz)
\c@theorem=\count325
\c@definition=\count326
\c@affirmation=\count327
\c@corollary=\count328
\c@example=\count329

(E:\Apps\MiKTeX\tex/latex/amsfonts\umsa.fd
File: umsa.fd 2013/01/14 v3.01 AMS symbols A
)
(E:\Apps\MiKTeX\tex/latex/amsfonts\umsb.fd
File: umsb.fd 2013/01/14 v3.01 AMS symbols B
)
\jsp=\dimen275
)
(E:\Apps\MiKTeX\tex/latex/xcolor\xcolor.sty
Package: xcolor 2024/09/29 v3.02 LaTeX color extensions (UK)

(E:\Apps\MiKTeX\tex/latex/graphics-cfg\color.cfg
File: color.cfg 2016/01/02 v1.6 sample color configuration
)
Package xcolor Info: Driver file: pdftex.def on input line 274.

(E:\Apps\MiKTeX\tex/latex/graphics\mathcolor.ltx)
Package xcolor Info: Model `cmy' substituted by `cmy0' on input line 1349.
Package xcolor Info: Model `hsb' substituted by `rgb' on input line 1353.
Package xcolor Info: Model `RGB' extended on input line 1365.
Package xcolor Info: Model `HTML' substituted by `rgb' on input line 1367.
Package xcolor Info: Model `Hsb' substituted by `hsb' on input line 1368.
Package xcolor Info: Model `tHsb' substituted by `hsb' on input line 1369.
Package xcolor Info: Model `HSB' substituted by `hsb' on input line 1370.
Package xcolor Info: Model `Gray' substituted by `gray' on input line 1371.
Package xcolor Info: Model `wave' substituted by `hsb' on input line 1372.
)
(E:\Apps\MiKTeX\tex/latex/psnfss\courier.sty
Package: courier 2020/03/25 PSNFSS-v9.3 (WaS) 
)
(E:\Apps\MiKTeX\tex/latex/hyperref\hyperref.sty
Package: hyperref 2024-11-05 v7.01l Hypertext links for LaTeX

(E:\Apps\MiKTeX\tex/latex/kvsetkeys\kvsetkeys.sty
Package: kvsetkeys 2022-10-05 v1.19 Key value parser (HO)
)
(E:\Apps\MiKTeX\tex/generic/kvdefinekeys\kvdefinekeys.sty
Package: kvdefinekeys 2019-12-19 v1.6 Define keys (HO)
)
(E:\Apps\MiKTeX\tex/generic/pdfescape\pdfescape.sty
Package: pdfescape 2019/12/09 v1.15 Implements pdfTeX's escape features (HO)

(E:\Apps\MiKTeX\tex/generic/ltxcmds\ltxcmds.sty
Package: ltxcmds 2023-12-04 v1.26 LaTeX kernel commands for general use (HO)
)
(E:\Apps\MiKTeX\tex/generic/pdftexcmds\pdftexcmds.sty
Package: pdftexcmds 2020-06-27 v0.33 Utility functions of pdfTeX for LuaTeX (HO
)

(E:\Apps\MiKTeX\tex/generic/infwarerr\infwarerr.sty
Package: infwarerr 2019/12/03 v1.5 Providing info/warning/error messages (HO)
)
Package pdftexcmds Info: \pdf@primitive is available.
Package pdftexcmds Info: \pdf@ifprimitive is available.
Package pdftexcmds Info: \pdfdraftmode found.
))
(E:\Apps\MiKTeX\tex/latex/hycolor\hycolor.sty
Package: hycolor 2020-01-27 v1.10 Color options for hyperref/bookmark (HO)
)
(E:\Apps\MiKTeX\tex/latex/hyperref\nameref.sty
Package: nameref 2023-11-26 v2.56 Cross-referencing by name of section

(E:\Apps\MiKTeX\tex/latex/refcount\refcount.sty
Package: refcount 2019/12/15 v3.6 Data extraction from label references (HO)
)
(E:\Apps\MiKTeX\tex/generic/gettitlestring\gettitlestring.sty
Package: gettitlestring 2019/12/15 v1.6 Cleanup title references (HO)

(E:\Apps\MiKTeX\tex/latex/kvoptions\kvoptions.sty
Package: kvoptions 2022-06-15 v3.15 Key value format for package options (HO)
))
\c@section@level=\count330
)
(E:\Apps\MiKTeX\tex/latex/etoolbox\etoolbox.sty
Package: etoolbox 2020/10/05 v2.5k e-TeX tools for LaTeX (JAW)
\etb@tempcnta=\count331
)
(E:\Apps\MiKTeX\tex/generic/stringenc\stringenc.sty
Package: stringenc 2019/11/29 v1.12 Convert strings between diff. encodings (HO
)
)
\@linkdim=\dimen276
\Hy@linkcounter=\count332
\Hy@pagecounter=\count333

(E:\Apps\MiKTeX\tex/latex/hyperref\pd1enc.def
File: pd1enc.def 2024-11-05 v7.01l Hyperref: PDFDocEncoding definition (HO)
Now handling font encoding PD1 ...
... no UTF-8 mapping file for font encoding PD1
)
(E:\Apps\MiKTeX\tex/generic/intcalc\intcalc.sty
Package: intcalc 2019/12/15 v1.3 Expandable calculations with integers (HO)
)
\Hy@SavedSpaceFactor=\count334

(E:\Apps\MiKTeX\tex/latex/hyperref\puenc.def
File: puenc.def 2024-11-05 v7.01l Hyperref: PDF Unicode definition (HO)
Now handling font encoding PU ...
... no UTF-8 mapping file for font encoding PU
)
Package hyperref Info: Hyper figures OFF on input line 4157.
Package hyperref Info: Link nesting OFF on input line 4162.
Package hyperref Info: Hyper index ON on input line 4165.
Package hyperref Info: Plain pages OFF on input line 4172.
Package hyperref Info: Backreferencing OFF on input line 4177.
Package hyperref Info: Implicit mode ON; LaTeX internals redefined.
Package hyperref Info: Bookmarks ON on input line 4424.
\c@Hy@tempcnt=\count335

(E:\Apps\MiKTeX\tex/latex/url\url.sty
\Urlmuskip=\muskip18
Package: url 2013/09/16  ver 3.4  Verb mode for urls, etc.
)
LaTeX Info: Redefining \url on input line 4763.
\XeTeXLinkMargin=\dimen277

(E:\Apps\MiKTeX\tex/generic/bitset\bitset.sty
Package: bitset 2019/12/09 v1.3 Handle bit-vector datatype (HO)

(E:\Apps\MiKTeX\tex/generic/bigintcalc\bigintcalc.sty
Package: bigintcalc 2019/12/15 v1.5 Expandable calculations on big integers (HO
)
))
\Fld@menulength=\count336
\Field@Width=\dimen278
\Fld@charsize=\dimen279
Package hyperref Info: Hyper figures OFF on input line 6042.
Package hyperref Info: Link nesting OFF on input line 6047.
Package hyperref Info: Hyper index ON on input line 6050.
Package hyperref Info: backreferencing OFF on input line 6057.
Package hyperref Info: Link coloring OFF on input line 6062.
Package hyperref Info: Link coloring with OCG OFF on input line 6067.
Package hyperref Info: PDF/A mode OFF on input line 6072.

(E:\Apps\MiKTeX\tex/latex/base\atbegshi-ltx.sty
Package: atbegshi-ltx 2021/01/10 v1.0c Emulation of the original atbegshi
package with kernel methods
)
\Hy@abspage=\count337
\c@Item=\count338
\c@Hfootnote=\count339
)
Package hyperref Info: Driver (autodetected): hpdftex.

(E:\Apps\MiKTeX\tex/latex/hyperref\hpdftex.def
File: hpdftex.def 2024-11-05 v7.01l Hyperref driver for pdfTeX

(E:\Apps\MiKTeX\tex/latex/base\atveryend-ltx.sty
Package: atveryend-ltx 2020/08/19 v1.0a Emulation of the original atveryend pac
kage
with kernel methods
)
\Fld@listcount=\count340
\c@bookmark@seq@number=\count341

(E:\Apps\MiKTeX\tex/latex/rerunfilecheck\rerunfilecheck.sty
Package: rerunfilecheck 2022-07-10 v1.10 Rerun checks for auxiliary files (HO)

(E:\Apps\MiKTeX\tex/generic/uniquecounter\uniquecounter.sty
Package: uniquecounter 2019/12/15 v1.4 Provide unlimited unique counter (HO)
)
Package uniquecounter Info: New unique counter `rerunfilecheck' on input line 2
85.
)
\Hy@SectionHShift=\skip63
)
Package hyperref Info: Option `colorlinks' set `true' on input line 32.
 (document.aux)
\openout1 = `document.aux'.

LaTeX Font Info:    Checking defaults for OML/cmm/m/it on input line 53.
LaTeX Font Info:    ... okay on input line 53.
LaTeX Font Info:    Checking defaults for OMS/cmsy/m/n on input line 53.
LaTeX Font Info:    ... okay on input line 53.
LaTeX Font Info:    Checking defaults for OT1/cmr/m/n on input line 53.
LaTeX Font Info:    ... okay on input line 53.
LaTeX Font Info:    Checking defaults for T1/cmr/m/n on input line 53.
LaTeX Font Info:    ... okay on input line 53.
LaTeX Font Info:    Checking defaults for TS1/cmr/m/n on input line 53.
LaTeX Font Info:    ... okay on input line 53.
LaTeX Font Info:    Checking defaults for OMX/cmex/m/n on input line 53.
LaTeX Font Info:    ... okay on input line 53.
LaTeX Font Info:    Checking defaults for U/cmr/m/n on input line 53.
LaTeX Font Info:    ... okay on input line 53.
LaTeX Font Info:    Checking defaults for PD1/pdf/m/n on input line 53.
LaTeX Font Info:    ... okay on input line 53.
LaTeX Font Info:    Checking defaults for PU/pdf/m/n on input line 53.
LaTeX Font Info:    ... okay on input line 53.

*geometry* driver: auto-detecting
*geometry* detected driver: pdftex
*geometry* verbose mode - [ preamble ] result:
* driver: pdftex
* paper: a4paper
* layout: <same size as paper>
* layoutoffset:(h,v)=(0.0pt,0.0pt)
* modes: 
* h-part:(L,W,R)=(85.35826pt, 483.69687pt, 28.45274pt)
* v-part:(T,H,B)=(56.9055pt, 731.23584pt, 56.9055pt)
* \paperwidth=597.50787pt
* \paperheight=845.04684pt
* \textwidth=483.69687pt
* \textheight=731.23584pt
* \oddsidemargin=13.08827pt
* \evensidemargin=13.08827pt
* \topmargin=-54.36449pt
* \headheight=14.0pt
* \headsep=25.0pt
* \topskip=14.0pt
* \footskip=30.0pt
* \marginparwidth=15.0pt
* \marginparsep=10.0pt
* \columnsep=10.0pt
* \skip\footins=12.0pt plus 4.0pt minus 2.0pt
* \hoffset=0.0pt
* \voffset=0.0pt
* \mag=1000
* \@twocolumnfalse
* \@twosidefalse
* \@mparswitchfalse
* \@reversemargintrue
* (1in=72.27pt=25.4mm, 1cm=28.453pt)

(E:\Apps\MiKTeX\tex/context/base/mkii\supp-pdf.mkii
[Loading MPS to PDF converter (version 2006.09.02).]
\scratchcounter=\count342
\scratchdimen=\dimen280
\scratchbox=\box81
\nofMPsegments=\count343
\nofMParguments=\count344
\everyMPshowfont=\toks33
\MPscratchCnt=\count345
\MPscratchDim=\dimen281
\MPnumerator=\count346
\makeMPintoPDFobject=\count347
\everyMPtoPDFconversion=\toks34
) (E:\Apps\MiKTeX\tex/latex/epstopdf-pkg\epstopdf-base.sty
Package: epstopdf-base 2020-01-24 v2.11 Base part for package epstopdf
Package epstopdf-base Info: Redefining graphics rule for `.eps' on input line 4
85.

(E:\Apps\MiKTeX\tex/latex/00miktex\epstopdf-sys.cfg
File: epstopdf-sys.cfg 2021/03/18 v2.0 Configuration of epstopdf for MiKTeX
))
Package caption Info: Begin \AtBeginDocument code.
Package caption Info: hyperref package is loaded.
Package caption Info: listings package is loaded.
Package caption Info: End \AtBeginDocument code.

(E:\Apps\MiKTeX\tex/latex/ninecolors\ninecolors.sty
Package: ninecolors 2022-02-13 v2022D Select colors with proper color contrast

(E:\Apps\MiKTeX\tex/latex/l3packages/xparse\xparse.sty
Package: xparse 2024-08-16 L3 Experimental document command parser
))
\c@lstlisting=\count348
Package hyperref Info: Link coloring ON on input line 53.
 (document.out)
(document.out)
\@outlinefile=\write3
\openout3 = `document.out'.

<<ot1.cmap>> (document.toc<<oml.cmap>><<oms.cmap>><<omx.cmap>>)
\tf@toc=\write4
\openout4 = `document.toc'.




Underfull \vbox (badness 10000) has occurred while \output is active []

 [1

{C:/Users/anaki/AppData/Local/MiKTeX/fonts/map/pdftex/pdftex.map}]


Underfull \vbox (badness 10000) has occurred while \output is active []

 [2

]
<media/pairplot.png, id=34, 1774.9512pt x 1774.9512pt>
File: media/pairplot.png Graphic file (type png)
<use media/pairplot.png>
Package pdftex.def Info: media/pairplot.png  used on input line 66.
(pdftex.def)             Requested size: 459.51054pt x 459.49933pt.



Underfull \vbox (badness 10000) has occurred while \output is active []

 [3 <./media/pairplot.png>]
<media/caratVprice.png, id=43, 435.87843pt x 313.9228pt>
File: media/caratVprice.png Graphic file (type png)
<use media/caratVprice.png>
Package pdftex.def Info: media/caratVprice.png  used on input line 77.
(pdftex.def)             Requested size: 386.95897pt x 278.69106pt.



Underfull \vbox (badness 10000) has occurred while \output is active []

 [4 <./media/caratVprice.png>]
<media/caratVpriceReg.png, id=56, 436.63126pt x 314.67563pt>
File: media/caratVpriceReg.png Graphic file (type png)
<use media/caratVpriceReg.png>
Package pdftex.def Info: media/caratVpriceReg.png  used on input line 101.
(pdftex.def)             Requested size: 386.95897pt x 278.87923pt.



Underfull \vbox (badness 10000) has occurred while \output is active []

 [5 <./media/caratVpriceReg.png>]
<media/caratVpriceRegAlt.png, id=65, 435.87843pt x 314.67563pt>
File: media/caratVpriceRegAlt.png Graphic file (type png)
<use media/caratVpriceRegAlt.png>
Package pdftex.def Info: media/caratVpriceRegAlt.png  used on input line 116.
(pdftex.def)             Requested size: 386.95897pt x 279.35939pt.



Underfull \vbox (badness 10000) has occurred while \output is active []

 [6 <./media/caratVpriceRegAlt.png>]
Overfull \hbox (6.50694pt too wide) in paragraph at lines 145--147
\OT1/cmr/m/n/14.4 marked with green(positive de-vi-a-tions) and red(negative de
-vi-a-tion) back-grounds. 
 []

> Step: init table outer spec.
> Step: parse table options.
> Step: split table.
> Step: init table inner spec.
> Step: parse table inner spec.
> Step: execute table commands.
> Step: calculate cell and line sizes.
> Step: build the whole table.



Underfull \vbox (badness 10000) has occurred while \output is active []

 [7{E:/Apps/MiKTeX/fonts/enc/dvips/cm-super/cm-super-ts1.enc}]


Underfull \vbox (badness 10000) has occurred while \output is active []

 [8]
> Step: init table outer spec.
> Step: parse table options.
> Step: split table.
> Step: init table inner spec.
> Step: parse table inner spec.
> Step: execute table commands.
> Step: calculate cell and line sizes.
> Step: build the whole table.



Underfull \vbox (badness 10000) has occurred while \output is active []

 [9]
> Step: init table outer spec.
> Step: parse table options.
> Step: split table.
> Step: init table inner spec.
> Step: parse table inner spec.
> Step: execute table commands.
> Step: calculate cell and line sizes.
> Step: build the whole table.



Underfull \vbox (badness 10000) has occurred while \output is active []

 [10]
(document.aux)
 ***********
LaTeX2e <2024-11-01>
L3 programming layer <2024-11-02>
 ***********
Package rerunfilecheck Info: File `document.out' has not changed.
(rerunfilecheck)             Checksum: E4D75AE5D4A3D3AF7A93B95006F62BA1;497.
 ) 
Here is how much of TeX's memory you used:
 18496 strings out of 473682
 331984 string characters out of 5733406
 848309 words of memory out of 5000000
 41342 multiletter control sequences out of 15000+600000
 568852 words of font info for 61 fonts, out of 8000000 for 9000
 1141 hyphenation exceptions out of 8191
 80i,10n,99p,609b,1178s stack positions out of 10000i,1000n,20000p,200000b,200000s
<E:/Apps/MiKTeX/fonts/type1/public/amsfonts/cm/cmbx12.pfb><E:/Apps/MiKTeX/fon
ts/type1/public/amsfonts/cm/cmex10.pfb><E:/Apps/MiKTeX/fonts/type1/public/amsfo
nts/cm/cmmi10.pfb><E:/Apps/MiKTeX/fonts/type1/public/amsfonts/cm/cmmi12.pfb><E:
/Apps/MiKTeX/fonts/type1/public/amsfonts/cm/cmmi7.pfb><E:/Apps/MiKTeX/fonts/typ
e1/public/amsfonts/cm/cmr10.pfb><E:/Apps/MiKTeX/fonts/type1/public/amsfonts/cm/
cmr12.pfb><E:/Apps/MiKTeX/fonts/type1/public/amsfonts/cm/cmsy10.pfb><E:/Apps/Mi
KTeX/fonts/type1/public/amsfonts/cm/cmti12.pfb><E:/Apps/MiKTeX/fonts/type1/publ
ic/cm-super/sfrm1440.pfb>
Output written on document.pdf (10 pages, 956757 bytes).
PDF statistics:
 132 PDF objects out of 1000 (max. 8388607)
 18 named destinations out of 1000 (max. 500000)
 61 words of extra memory for PDF output out of 10000 (max. 10000000)

